<?xml version="1.0" encoding="UTF-8"?>
<coverage generated="1669549253318" clover="3.2.0">
  <project timestamp="1669549253318" name="All files">
    <metrics statements="68" coveredstatements="34" conditionals="32" coveredconditionals="14" methods="25" coveredmethods="11" elements="125" coveredelements="59" complexity="0" loc="68" ncloc="68" packages="6" files="10" classes="10"/>
    <package name="components">
      <metrics statements="0" coveredstatements="0" conditionals="0" coveredconditionals="0" methods="0" coveredmethods="0"/>
      <file name="index.js" path="C:\Users\berat\Desktop\nesine-case\src\components\index.js">
        <metrics statements="0" coveredstatements="0" conditionals="0" coveredconditionals="0" methods="0" coveredmethods="0"/>
      </file>
    </package>
    <package name="components.Basket">
      <metrics statements="17" coveredstatements="9" conditionals="8" coveredconditionals="5" methods="7" coveredmethods="3"/>
      <file name="Basket.jsx" path="C:\Users\berat\Desktop\nesine-case\src\components\Basket\Basket.jsx">
        <metrics statements="7" coveredstatements="5" conditionals="2" coveredconditionals="2" methods="5" coveredmethods="3"/>
        <line num="6" count="5" type="stmt"/>
        <line num="7" count="5" type="stmt"/>
        <line num="9" count="5" type="stmt"/>
        <line num="17" count="2" type="stmt"/>
        <line num="26" count="0" type="stmt"/>
        <line num="49" count="0" type="stmt"/>
        <line num="51" count="1" type="stmt"/>
      </file>
      <file name="Basket.style.css" path="C:\Users\berat\Desktop\nesine-case\src\components\Basket\Basket.style.css">
        <metrics statements="10" coveredstatements="4" conditionals="6" coveredconditionals="3" methods="2" coveredmethods="0"/>
        <line num="1" count="2" type="stmt"/>
        <line num="3" count="2" type="cond" truecount="3" falsecount="1"/>
        <line num="4" count="2" type="stmt"/>
        <line num="7" count="2" type="stmt"/>
        <line num="9" count="0" type="cond" truecount="0" falsecount="2"/>
        <line num="10" count="0" type="stmt"/>
        <line num="12" count="0" type="stmt"/>
        <line num="16" count="0" type="stmt"/>
        <line num="20" count="0" type="stmt"/>
        <line num="23" count="0" type="stmt"/>
      </file>
    </package>
    <package name="components.LoadMoreButton">
      <metrics statements="12" coveredstatements="6" conditionals="6" coveredconditionals="3" methods="4" coveredmethods="2"/>
      <file name="LoadMoreButton.jsx" path="C:\Users\berat\Desktop\nesine-case\src\components\LoadMoreButton\LoadMoreButton.jsx">
        <metrics statements="2" coveredstatements="2" conditionals="0" coveredconditionals="0" methods="2" coveredmethods="2"/>
        <line num="6" count="3" type="stmt"/>
        <line num="9" count="1" type="stmt"/>
      </file>
      <file name="LoadMoreButton.style.css" path="C:\Users\berat\Desktop\nesine-case\src\components\LoadMoreButton\LoadMoreButton.style.css">
        <metrics statements="10" coveredstatements="4" conditionals="6" coveredconditionals="3" methods="2" coveredmethods="0"/>
        <line num="1" count="1" type="stmt"/>
        <line num="3" count="1" type="cond" truecount="3" falsecount="1"/>
        <line num="4" count="1" type="stmt"/>
        <line num="7" count="1" type="stmt"/>
        <line num="9" count="0" type="cond" truecount="0" falsecount="2"/>
        <line num="10" count="0" type="stmt"/>
        <line num="12" count="0" type="stmt"/>
        <line num="16" count="0" type="stmt"/>
        <line num="20" count="0" type="stmt"/>
        <line num="23" count="0" type="stmt"/>
      </file>
    </package>
    <package name="components.TableList">
      <metrics statements="26" coveredstatements="13" conditionals="12" coveredconditionals="3" methods="10" coveredmethods="5"/>
      <file name="TableList.jsx" path="C:\Users\berat\Desktop\nesine-case\src\components\TableList\TableList.jsx">
        <metrics statements="16" coveredstatements="9" conditionals="6" coveredconditionals="0" methods="8" coveredmethods="5"/>
        <line num="13" count="3" type="stmt"/>
        <line num="14" count="3" type="stmt"/>
        <line num="16" count="3" type="stmt"/>
        <line num="18" count="0" type="cond" truecount="0" falsecount="2"/>
        <line num="19" count="0" type="stmt"/>
        <line num="24" count="0" type="stmt"/>
        <line num="28" count="0" type="cond" truecount="0" falsecount="4"/>
        <line num="29" count="0" type="stmt"/>
        <line num="30" count="0" type="stmt"/>
        <line num="34" count="3" type="stmt"/>
        <line num="35" count="1" type="stmt"/>
        <line num="38" count="3" type="stmt"/>
        <line num="42" count="9000" type="stmt"/>
        <line num="60" count="27000" type="stmt"/>
        <line num="67" count="0" type="stmt"/>
        <line num="81" count="1" type="stmt"/>
      </file>
      <file name="TableList.style.css" path="C:\Users\berat\Desktop\nesine-case\src\components\TableList\TableList.style.css">
        <metrics statements="10" coveredstatements="4" conditionals="6" coveredconditionals="3" methods="2" coveredmethods="0"/>
        <line num="1" count="1" type="stmt"/>
        <line num="3" count="1" type="cond" truecount="3" falsecount="1"/>
        <line num="4" count="1" type="stmt"/>
        <line num="7" count="1" type="stmt"/>
        <line num="9" count="0" type="cond" truecount="0" falsecount="2"/>
        <line num="10" count="0" type="stmt"/>
        <line num="12" count="0" type="stmt"/>
        <line num="16" count="0" type="stmt"/>
        <line num="20" count="0" type="stmt"/>
        <line num="23" count="0" type="stmt"/>
      </file>
    </package>
    <package name="components.TableRateButton">
      <metrics statements="12" coveredstatements="5" conditionals="6" coveredconditionals="3" methods="4" coveredmethods="1"/>
      <file name="TableRateButton.jsx" path="C:\Users\berat\Desktop\nesine-case\src\components\TableRateButton\TableRateButton.jsx">
        <metrics statements="2" coveredstatements="1" conditionals="0" coveredconditionals="0" methods="2" coveredmethods="1"/>
        <line num="5" count="120" type="stmt"/>
        <line num="8" count="0" type="stmt"/>
      </file>
      <file name="TableRateButton.style.css" path="C:\Users\berat\Desktop\nesine-case\src\components\TableRateButton\TableRateButton.style.css">
        <metrics statements="10" coveredstatements="4" conditionals="6" coveredconditionals="3" methods="2" coveredmethods="0"/>
        <line num="1" count="1" type="stmt"/>
        <line num="3" count="1" type="cond" truecount="3" falsecount="1"/>
        <line num="4" count="1" type="stmt"/>
        <line num="7" count="1" type="stmt"/>
        <line num="9" count="0" type="cond" truecount="0" falsecount="2"/>
        <line num="10" count="0" type="stmt"/>
        <line num="12" count="0" type="stmt"/>
        <line num="16" count="0" type="stmt"/>
        <line num="20" count="0" type="stmt"/>
        <line num="23" count="0" type="stmt"/>
      </file>
    </package>
    <package name="context">
      <metrics statements="1" coveredstatements="1" conditionals="0" coveredconditionals="0" methods="0" coveredmethods="0"/>
      <file name="ThemeContext.js" path="C:\Users\berat\Desktop\nesine-case\src\context\ThemeContext.js">
        <metrics statements="1" coveredstatements="1" conditionals="0" coveredconditionals="0" methods="0" coveredmethods="0"/>
        <line num="3" count="2" type="stmt"/>
      </file>
    </package>
  </project>
</coverage>
