{"C:\\Users\\berat\\Desktop\\nesine-case\\src\\components\\index.js": {"path":"C:\\Users\\berat\\Desktop\\nesine-case\\src\\components\\index.js","statementMap":{},"fnMap":{},"branchMap":{},"s":{},"f":{},"b":{},"_coverageSchema":"1a1c01bbd47fc00a2c39e90264f33305004495a9","hash":"fb3b389ab2ff47cab968e5e4bf59e31574000e75"}
,"C:\\Users\\berat\\Desktop\\nesine-case\\src\\components\\Basket\\Basket.jsx": {"path":"C:\\Users\\berat\\Desktop\\nesine-case\\src\\components\\Basket\\Basket.jsx","statementMap":{"0":{"start":{"line":6,"column":20},"end":{"line":6,"column":44}},"1":{"start":{"line":7,"column":40},"end":{"line":7,"column":54}},"2":{"start":{"line":9,"column":4},"end":{"line":52,"column":6}},"3":{"start":{"line":17,"column":43},"end":{"line":17,"column":63}},"4":{"start":{"line":26,"column":24},"end":{"line":44,"column":30}},"5":{"start":{"line":49,"column":64},"end":{"line":49,"column":95}},"6":{"start":{"line":51,"column":64},"end":{"line":51,"column":83}}},"fnMap":{"0":{"name":"Basket","decl":{"start":{"line":5,"column":9},"end":{"line":5,"column":15}},"loc":{"start":{"line":5,"column":18},"end":{"line":53,"column":1}},"line":5},"1":{"name":"(anonymous_1)","decl":{"start":{"line":17,"column":37},"end":{"line":17,"column":38}},"loc":{"start":{"line":17,"column":43},"end":{"line":17,"column":63}},"line":17},"2":{"name":"(anonymous_2)","decl":{"start":{"line":25,"column":32},"end":{"line":25,"column":33}},"loc":{"start":{"line":26,"column":24},"end":{"line":44,"column":30}},"line":26},"3":{"name":"(anonymous_3)","decl":{"start":{"line":49,"column":49},"end":{"line":49,"column":50}},"loc":{"start":{"line":49,"column":64},"end":{"line":49,"column":95}},"line":49},"4":{"name":"(anonymous_4)","decl":{"start":{"line":51,"column":58},"end":{"line":51,"column":59}},"loc":{"start":{"line":51,"column":64},"end":{"line":51,"column":83}},"line":51}},"branchMap":{"0":{"loc":{"start":{"line":10,"column":8},"end":{"line":51,"column":101}},"type":"cond-expr","locations":[{"start":{"line":11,"column":12},"end":{"line":51,"column":18}},{"start":{"line":51,"column":21},"end":{"line":51,"column":101}}],"line":10}},"s":{"0":5,"1":5,"2":5,"3":2,"4":0,"5":0,"6":1},"f":{"0":5,"1":2,"2":0,"3":0,"4":1},"b":{"0":[3,2]},"_coverageSchema":"1a1c01bbd47fc00a2c39e90264f33305004495a9","hash":"439918ee3fec3590b639dad828941eca3bb7cb0c"}
,"C:\\Users\\berat\\Desktop\\nesine-case\\src\\components\\Basket\\Basket.style.css": {"path":"C:\\Users\\berat\\Desktop\\nesine-case\\src\\components\\Basket\\Basket.style.css","statementMap":{"0":{"start":{"line":1,"column":13},"end":{"line":1,"column":756}},"1":{"start":{"line":3,"column":4},"end":{"line":24,"column":5}},"2":{"start":{"line":4,"column":8},"end":{"line":6,"column":11}},"3":{"start":{"line":7,"column":8},"end":{"line":18,"column":11}},"4":{"start":{"line":9,"column":16},"end":{"line":11,"column":17}},"5":{"start":{"line":10,"column":20},"end":{"line":10,"column":34}},"6":{"start":{"line":12,"column":16},"end":{"line":12,"column":36}},"7":{"start":{"line":16,"column":16},"end":{"line":16,"column":30}},"8":{"start":{"line":20,"column":8},"end":{"line":22,"column":11}},"9":{"start":{"line":23,"column":8},"end":{"line":23,"column":31}}},"fnMap":{"0":{"name":"(anonymous_0)","decl":{"start":{"line":8,"column":12},"end":{"line":8,"column":13}},"loc":{"start":{"line":8,"column":30},"end":{"line":13,"column":13}},"line":8},"1":{"name":"(anonymous_1)","decl":{"start":{"line":15,"column":12},"end":{"line":15,"column":13}},"loc":{"start":{"line":15,"column":29},"end":{"line":17,"column":13}},"line":15}},"branchMap":{"0":{"loc":{"start":{"line":3,"column":4},"end":{"line":24,"column":5}},"type":"if","locations":[{"start":{"line":3,"column":4},"end":{"line":24,"column":5}},{"start":{"line":19,"column":11},"end":{"line":24,"column":5}}],"line":3},"1":{"loc":{"start":{"line":3,"column":8},"end":{"line":3,"column":44}},"type":"binary-expr","locations":[{"start":{"line":3,"column":8},"end":{"line":3,"column":34}},{"start":{"line":3,"column":38},"end":{"line":3,"column":44}}],"line":3},"2":{"loc":{"start":{"line":9,"column":16},"end":{"line":11,"column":17}},"type":"if","locations":[{"start":{"line":9,"column":16},"end":{"line":11,"column":17}},{"start":{},"end":{}}],"line":9}},"s":{"0":2,"1":2,"2":2,"3":2,"4":0,"5":0,"6":0,"7":0,"8":0,"9":0},"f":{"0":0,"1":0},"b":{"0":[2,0],"1":[2,2],"2":[0,0]},"_coverageSchema":"1a1c01bbd47fc00a2c39e90264f33305004495a9","hash":"b171092683fb249e907a21839d8ab57788aac8b9"}
,"C:\\Users\\berat\\Desktop\\nesine-case\\src\\components\\LoadMoreButton\\LoadMoreButton.jsx": {"path":"C:\\Users\\berat\\Desktop\\nesine-case\\src\\components\\LoadMoreButton\\LoadMoreButton.jsx","statementMap":{"0":{"start":{"line":6,"column":4},"end":{"line":13,"column":6}},"1":{"start":{"line":9,"column":27},"end":{"line":9,"column":36}}},"fnMap":{"0":{"name":"LoadMoreButton","decl":{"start":{"line":5,"column":9},"end":{"line":5,"column":23}},"loc":{"start":{"line":5,"column":35},"end":{"line":14,"column":1}},"line":5},"1":{"name":"(anonymous_1)","decl":{"start":{"line":9,"column":21},"end":{"line":9,"column":22}},"loc":{"start":{"line":9,"column":27},"end":{"line":9,"column":36}},"line":9}},"branchMap":{},"s":{"0":3,"1":1},"f":{"0":3,"1":1},"b":{},"_coverageSchema":"1a1c01bbd47fc00a2c39e90264f33305004495a9","hash":"e0438bd54fe6eeeca78a8b91b61c7c7ee42267bf"}
,"C:\\Users\\berat\\Desktop\\nesine-case\\src\\components\\LoadMoreButton\\LoadMoreButton.style.css": {"path":"C:\\Users\\berat\\Desktop\\nesine-case\\src\\components\\LoadMoreButton\\LoadMoreButton.style.css","statementMap":{"0":{"start":{"line":1,"column":13},"end":{"line":1,"column":48}},"1":{"start":{"line":3,"column":4},"end":{"line":24,"column":5}},"2":{"start":{"line":4,"column":8},"end":{"line":6,"column":11}},"3":{"start":{"line":7,"column":8},"end":{"line":18,"column":11}},"4":{"start":{"line":9,"column":16},"end":{"line":11,"column":17}},"5":{"start":{"line":10,"column":20},"end":{"line":10,"column":34}},"6":{"start":{"line":12,"column":16},"end":{"line":12,"column":36}},"7":{"start":{"line":16,"column":16},"end":{"line":16,"column":30}},"8":{"start":{"line":20,"column":8},"end":{"line":22,"column":11}},"9":{"start":{"line":23,"column":8},"end":{"line":23,"column":31}}},"fnMap":{"0":{"name":"(anonymous_0)","decl":{"start":{"line":8,"column":12},"end":{"line":8,"column":13}},"loc":{"start":{"line":8,"column":30},"end":{"line":13,"column":13}},"line":8},"1":{"name":"(anonymous_1)","decl":{"start":{"line":15,"column":12},"end":{"line":15,"column":13}},"loc":{"start":{"line":15,"column":29},"end":{"line":17,"column":13}},"line":15}},"branchMap":{"0":{"loc":{"start":{"line":3,"column":4},"end":{"line":24,"column":5}},"type":"if","locations":[{"start":{"line":3,"column":4},"end":{"line":24,"column":5}},{"start":{"line":19,"column":11},"end":{"line":24,"column":5}}],"line":3},"1":{"loc":{"start":{"line":3,"column":8},"end":{"line":3,"column":44}},"type":"binary-expr","locations":[{"start":{"line":3,"column":8},"end":{"line":3,"column":34}},{"start":{"line":3,"column":38},"end":{"line":3,"column":44}}],"line":3},"2":{"loc":{"start":{"line":9,"column":16},"end":{"line":11,"column":17}},"type":"if","locations":[{"start":{"line":9,"column":16},"end":{"line":11,"column":17}},{"start":{},"end":{}}],"line":9}},"s":{"0":1,"1":1,"2":1,"3":1,"4":0,"5":0,"6":0,"7":0,"8":0,"9":0},"f":{"0":0,"1":0},"b":{"0":[1,0],"1":[1,1],"2":[0,0]},"_coverageSchema":"1a1c01bbd47fc00a2c39e90264f33305004495a9","hash":"a2aaa1c1427890fae1ed17529a5af0c3746ac032"}
,"C:\\Users\\berat\\Desktop\\nesine-case\\src\\components\\TableList\\TableList.jsx": {"path":"C:\\Users\\berat\\Desktop\\nesine-case\\src\\components\\TableList\\TableList.jsx","statementMap":{"0":{"start":{"line":13,"column":24},"end":{"line":13,"column":36}},"1":{"start":{"line":14,"column":30},"end":{"line":14,"column":54}},"2":{"start":{"line":16,"column":23},"end":{"line":32,"column":5}},"3":{"start":{"line":18,"column":8},"end":{"line":25,"column":9}},"4":{"start":{"line":19,"column":12},"end":{"line":23,"column":13}},"5":{"start":{"line":24,"column":12},"end":{"line":24,"column":40}},"6":{"start":{"line":28,"column":8},"end":{"line":31,"column":9}},"7":{"start":{"line":29,"column":32},"end":{"line":29,"column":75}},"8":{"start":{"line":29,"column":54},"end":{"line":29,"column":74}},"9":{"start":{"line":30,"column":12},"end":{"line":30,"column":34}},"10":{"start":{"line":34,"column":21},"end":{"line":36,"column":5}},"11":{"start":{"line":35,"column":8},"end":{"line":35,"column":23}},"12":{"start":{"line":38,"column":4},"end":{"line":83,"column":6}},"13":{"start":{"line":42,"column":20},"end":{"line":77,"column":28}},"14":{"start":{"line":60,"column":32},"end":{"line":74,"column":34}},"15":{"start":{"line":67,"column":52},"end":{"line":73,"column":37}},"16":{"start":{"line":81,"column":43},"end":{"line":81,"column":53}}},"fnMap":{"0":{"name":"TableList","decl":{"start":{"line":12,"column":9},"end":{"line":12,"column":18}},"loc":{"start":{"line":12,"column":21},"end":{"line":84,"column":1}},"line":12},"1":{"name":"(anonymous_1)","decl":{"start":{"line":16,"column":23},"end":{"line":16,"column":24}},"loc":{"start":{"line":16,"column":49},"end":{"line":32,"column":5}},"line":16},"2":{"name":"(anonymous_2)","decl":{"start":{"line":29,"column":46},"end":{"line":29,"column":47}},"loc":{"start":{"line":29,"column":54},"end":{"line":29,"column":74}},"line":29},"3":{"name":"(anonymous_3)","decl":{"start":{"line":34,"column":21},"end":{"line":34,"column":22}},"loc":{"start":{"line":34,"column":27},"end":{"line":36,"column":5}},"line":34},"4":{"name":"(anonymous_4)","decl":{"start":{"line":41,"column":48},"end":{"line":41,"column":49}},"loc":{"start":{"line":42,"column":20},"end":{"line":77,"column":28}},"line":42},"5":{"name":"(anonymous_5)","decl":{"start":{"line":59,"column":61},"end":{"line":59,"column":62}},"loc":{"start":{"line":60,"column":32},"end":{"line":74,"column":34}},"line":60},"6":{"name":"(anonymous_6)","decl":{"start":{"line":67,"column":45},"end":{"line":67,"column":46}},"loc":{"start":{"line":67,"column":52},"end":{"line":73,"column":37}},"line":67},"7":{"name":"(anonymous_7)","decl":{"start":{"line":81,"column":37},"end":{"line":81,"column":38}},"loc":{"start":{"line":81,"column":43},"end":{"line":81,"column":53}},"line":81}},"branchMap":{"0":{"loc":{"start":{"line":18,"column":8},"end":{"line":25,"column":9}},"type":"if","locations":[{"start":{"line":18,"column":8},"end":{"line":25,"column":9}},{"start":{},"end":{}}],"line":18},"1":{"loc":{"start":{"line":28,"column":8},"end":{"line":31,"column":9}},"type":"if","locations":[{"start":{"line":28,"column":8},"end":{"line":31,"column":9}},{"start":{},"end":{}}],"line":28},"2":{"loc":{"start":{"line":28,"column":11},"end":{"line":28,"column":66}},"type":"binary-expr","locations":[{"start":{"line":28,"column":11},"end":{"line":28,"column":30}},{"start":{"line":28,"column":34},"end":{"line":28,"column":66}}],"line":28}},"s":{"0":3,"1":3,"2":3,"3":0,"4":0,"5":0,"6":0,"7":0,"8":0,"9":0,"10":3,"11":1,"12":3,"13":9000,"14":27000,"15":0,"16":1},"f":{"0":3,"1":0,"2":0,"3":1,"4":9000,"5":27000,"6":0,"7":1},"b":{"0":[0,0],"1":[0,0],"2":[0,0]},"_coverageSchema":"1a1c01bbd47fc00a2c39e90264f33305004495a9","hash":"e0240cd1541e4881d3011b11dca718d6aacafff3"}
,"C:\\Users\\berat\\Desktop\\nesine-case\\src\\components\\TableList\\TableList.style.css": {"path":"C:\\Users\\berat\\Desktop\\nesine-case\\src\\components\\TableList\\TableList.style.css","statementMap":{"0":{"start":{"line":1,"column":13},"end":{"line":1,"column":74}},"1":{"start":{"line":3,"column":4},"end":{"line":24,"column":5}},"2":{"start":{"line":4,"column":8},"end":{"line":6,"column":11}},"3":{"start":{"line":7,"column":8},"end":{"line":18,"column":11}},"4":{"start":{"line":9,"column":16},"end":{"line":11,"column":17}},"5":{"start":{"line":10,"column":20},"end":{"line":10,"column":34}},"6":{"start":{"line":12,"column":16},"end":{"line":12,"column":36}},"7":{"start":{"line":16,"column":16},"end":{"line":16,"column":30}},"8":{"start":{"line":20,"column":8},"end":{"line":22,"column":11}},"9":{"start":{"line":23,"column":8},"end":{"line":23,"column":31}}},"fnMap":{"0":{"name":"(anonymous_0)","decl":{"start":{"line":8,"column":12},"end":{"line":8,"column":13}},"loc":{"start":{"line":8,"column":30},"end":{"line":13,"column":13}},"line":8},"1":{"name":"(anonymous_1)","decl":{"start":{"line":15,"column":12},"end":{"line":15,"column":13}},"loc":{"start":{"line":15,"column":29},"end":{"line":17,"column":13}},"line":15}},"branchMap":{"0":{"loc":{"start":{"line":3,"column":4},"end":{"line":24,"column":5}},"type":"if","locations":[{"start":{"line":3,"column":4},"end":{"line":24,"column":5}},{"start":{"line":19,"column":11},"end":{"line":24,"column":5}}],"line":3},"1":{"loc":{"start":{"line":3,"column":8},"end":{"line":3,"column":44}},"type":"binary-expr","locations":[{"start":{"line":3,"column":8},"end":{"line":3,"column":34}},{"start":{"line":3,"column":38},"end":{"line":3,"column":44}}],"line":3},"2":{"loc":{"start":{"line":9,"column":16},"end":{"line":11,"column":17}},"type":"if","locations":[{"start":{"line":9,"column":16},"end":{"line":11,"column":17}},{"start":{},"end":{}}],"line":9}},"s":{"0":1,"1":1,"2":1,"3":1,"4":0,"5":0,"6":0,"7":0,"8":0,"9":0},"f":{"0":0,"1":0},"b":{"0":[1,0],"1":[1,1],"2":[0,0]},"_coverageSchema":"1a1c01bbd47fc00a2c39e90264f33305004495a9","hash":"00ab87501056c095b3368833ba014ed5c775ff65"}
,"C:\\Users\\berat\\Desktop\\nesine-case\\src\\components\\TableRateButton\\TableRateButton.jsx": {"path":"C:\\Users\\berat\\Desktop\\nesine-case\\src\\components\\TableRateButton\\TableRateButton.jsx","statementMap":{"0":{"start":{"line":5,"column":4},"end":{"line":25,"column":6}},"1":{"start":{"line":8,"column":28},"end":{"line":8,"column":38}}},"fnMap":{"0":{"name":"TableRateButton","decl":{"start":{"line":4,"column":9},"end":{"line":4,"column":24}},"loc":{"start":{"line":4,"column":67},"end":{"line":26,"column":1}},"line":4},"1":{"name":"(anonymous_1)","decl":{"start":{"line":8,"column":21},"end":{"line":8,"column":22}},"loc":{"start":{"line":8,"column":28},"end":{"line":8,"column":38}},"line":8}},"branchMap":{},"s":{"0":120,"1":0},"f":{"0":120,"1":0},"b":{},"_coverageSchema":"1a1c01bbd47fc00a2c39e90264f33305004495a9","hash":"5e866fff80aa5498fafebba861ab26ecdaf8760a"}
,"C:\\Users\\berat\\Desktop\\nesine-case\\src\\components\\TableRateButton\\TableRateButton.style.css": {"path":"C:\\Users\\berat\\Desktop\\nesine-case\\src\\components\\TableRateButton\\TableRateButton.style.css","statementMap":{"0":{"start":{"line":1,"column":13},"end":{"line":1,"column":176}},"1":{"start":{"line":3,"column":4},"end":{"line":24,"column":5}},"2":{"start":{"line":4,"column":8},"end":{"line":6,"column":11}},"3":{"start":{"line":7,"column":8},"end":{"line":18,"column":11}},"4":{"start":{"line":9,"column":16},"end":{"line":11,"column":17}},"5":{"start":{"line":10,"column":20},"end":{"line":10,"column":34}},"6":{"start":{"line":12,"column":16},"end":{"line":12,"column":36}},"7":{"start":{"line":16,"column":16},"end":{"line":16,"column":30}},"8":{"start":{"line":20,"column":8},"end":{"line":22,"column":11}},"9":{"start":{"line":23,"column":8},"end":{"line":23,"column":31}}},"fnMap":{"0":{"name":"(anonymous_0)","decl":{"start":{"line":8,"column":12},"end":{"line":8,"column":13}},"loc":{"start":{"line":8,"column":30},"end":{"line":13,"column":13}},"line":8},"1":{"name":"(anonymous_1)","decl":{"start":{"line":15,"column":12},"end":{"line":15,"column":13}},"loc":{"start":{"line":15,"column":29},"end":{"line":17,"column":13}},"line":15}},"branchMap":{"0":{"loc":{"start":{"line":3,"column":4},"end":{"line":24,"column":5}},"type":"if","locations":[{"start":{"line":3,"column":4},"end":{"line":24,"column":5}},{"start":{"line":19,"column":11},"end":{"line":24,"column":5}}],"line":3},"1":{"loc":{"start":{"line":3,"column":8},"end":{"line":3,"column":44}},"type":"binary-expr","locations":[{"start":{"line":3,"column":8},"end":{"line":3,"column":34}},{"start":{"line":3,"column":38},"end":{"line":3,"column":44}}],"line":3},"2":{"loc":{"start":{"line":9,"column":16},"end":{"line":11,"column":17}},"type":"if","locations":[{"start":{"line":9,"column":16},"end":{"line":11,"column":17}},{"start":{},"end":{}}],"line":9}},"s":{"0":1,"1":1,"2":1,"3":1,"4":0,"5":0,"6":0,"7":0,"8":0,"9":0},"f":{"0":0,"1":0},"b":{"0":[1,0],"1":[1,1],"2":[0,0]},"_coverageSchema":"1a1c01bbd47fc00a2c39e90264f33305004495a9","hash":"afa45c8316c7632820b0eff41437bb837efbabb3"}
,"C:\\Users\\berat\\Desktop\\nesine-case\\src\\context\\ThemeContext.js": {"path":"C:\\Users\\berat\\Desktop\\nesine-case\\src\\context\\ThemeContext.js","statementMap":{"0":{"start":{"line":3,"column":21},"end":{"line":3,"column":38}}},"fnMap":{},"branchMap":{},"s":{"0":2},"f":{},"b":{},"_coverageSchema":"1a1c01bbd47fc00a2c39e90264f33305004495a9","hash":"7117d53348448553fe60b546641e303ded440ec6"}
}
